PocketMine-MP Crash Dump Sat May 28 21:33:01 UTC 2016

Error: 
File: 
Line: 
Type: 

Code:
[1] 
[2] 
[3] 
[4] 
[5] 
[6] 
[7] 
[8] 
[9] 
[10] 

Backtrace:
#0 (): pocketmine\Server->crashDump(boolean)

PocketMine-MP version: 1.6dev #0 [Protocol 70; API 2.0.0]
Git commit: 0000000000000000000000000000000000000000
uname -a: Linux ip-172-31-30-48 3.13.0-74-generic #118-Ubuntu SMP Thu Dec 17 22:52:10 UTC 2015 x86_64
PHP Version: 7.0.3
Zend version: 3.0.0
OS : Linux, linux

Loaded plugins:

----------------------REPORT THE DATA BELOW THIS LINE-----------------------

===BEGIN CRASH DUMP===
eNrNWWtv4zYW/SuEU6CTheVYdhInLlIgyEx3B5hHtslgPjTFgJYom41EqiIVxy363/fcS0pWMmmx
2N0PG+SD+bo89/LcB6nfR15XarRMj0+PjxdpepaOR6ppbDNa/j4qdImh0Wg88rsav0xbln+MR3XZ
rrUZLQtZOjUeZTZXNDsNE8ajWfdj3v047n6cdD9Oux+L7sdZ9+O8+5FO+y19IzNs8tPoYCpeHS5F
bbN75Stt1N3djWoeVJN8nzXSbV63Vf1qZW2ppDkc/TwerZVRjSwJIGY5bQF8lE5Oc/UAvVatLvPR
cgqlGuttZjFxgZasNabNJtPJFLPW2qM1/Tf/sKCR96Ve0ZrJGUtojSQrj95p0z4KXSfpYpbM02Q+
TY7PxHySzifTZHGcMFqdiQOcRPJp1Rrfipv31+J204rXKhPpQsxmy5PZMp2KT7dXYjZNT8Tj2emX
02PsUm9q7LEA6jlavykD1UbzqAQGv1jXYUAHN0pu9IeKrp9gtFo2wOthr9B2bOIJbFSrxmtFKw+u
+5a4sqbQa0F8uWvuzMGN9OK93InZmZily/lsOV10cE9pQpCXkFEuPuiNNbf2siLF5WC0to2/SM/T
+Yw615hbgWkXKbUq+ZjUpdwB4cVsyotquTUJnaLKPE75Iuy03WivklI7f2GLgnqUkatSJb+2qtld
WDPoajIsi7Mq6/OL9+AXWFX4pbh+IwLPaFAaY1uTqQghkdlGqwdVKeNdFCnL0m6TotTrTb9zgCiN
ruA4cV7oq+yq6yhsA8G9tnHpRjZ5Zpu+XT/UcX6ui0Jnbel3wTKB7942iVPea7N2F9RdAl8ZDL61
TZnv+5xS+WAKefrF6zc/XH56d0u9ZJRJLZ3Dsvzib/wH9VpvEycfVERB/OpdcrKrSiIIKKCNyJgb
LTDhVJgiAjqKa55OFk7eX4MyoLhySnSghWyU8BslrAG//AaEysjsXqyU0CYr21zl+CG+oibJurEV
VhYk4LlMJws1FhYjjSORYtUoeS92tm2iLKELAdvrQvMOMHsDSpU7EvxBbXtxR7kqJAzvxNaab72Q
da1kI8g0FZTNQIEd4AOEdkHv7UYZ0dbrRuYQMLkzxPUgbHlnxMHtplEgK7qAopRm3cq1EhRf2WTR
L5xGu7SQr39jo9LSq43KohZPFwLAxvvaLY+OlJls9b2uVa7lxDbrI2odvYNvfLHFl7c3H7+czs+T
2RdaBzP2gpbibqTM+m5EG33eKLKd8BZ4TC6gpXC+YfsiShtXSg+78TBbk5ECB34pz0eK0KszJTbS
5CUfcgXBgff7LTm5oN9tWp9b8hHlXAQTPFFkpXUqD7Auyd8E+TmQiBjMxIOW4p/k6JjCDp/EkSWw
tiT+4GaDdZJY6pA0RNwlHJWMgkTrQMJc1SACa3d5/RYz/cbmZKf9QAJYK4Dai3/DoaWTA40FubEA
XcEIgrraicgjTI+BqB/dm+Hgs4ahrQGlZJ6LRrnAPIIJrt0DjnRtwzFIgG8rRfaA0dWvrSzpONb6
AXMfZNkq8SpuiYB8COFhPwRARTE3wWmu16pZYpR2/tBWK1gb7nTpdia7le4ejG/u4UATGv+EQ2B+
dkrSrE1jESNBCcx2Y8ExR8TYBMqOYYYKVnOUkNksW7Wivqo18ByawrJvmDLQB87V2EdETq9gAqjD
VDc9NLJqgPO2IA+lKeSJY6H9t7Ccb3hVrig9MAufrRWvoAHOWczIIqxDErVcsiTyVgrKzY599e+l
XcGwzhZehG6wr9KeYlKl1nK18wAkbgKUKW+uHR1v8HTotNUMjI0tKF0EOZ39Hdul0KALwhSCs2FR
BWJEt2M4fijTMmnXFnpYcg2yGfZZM8iEgS3F9I5DBUdlj1Aj8/9z+BWQ/gV4Sor/FXjnbc37x1DV
44nSnIBLUe5DlIloaM8OUjqdHQdU16hdLKcj8kVHG2YckCO63t9SbIVQkxPHeEYCf1DB0ziMW4MA
Bg+F3Sg6/JlZgzlR3JQc4cnXw7Q7TrgkA9639+QQjmiHjxRCKMPx9MnXk0ntEIdymLBWGSVCx2Yh
rMHGYW2vACypardXcz6NerrDFwFFredB67VsVjj/BNV3GYo38rAXrcp0IihxjYhr4LuVNC2n3CEK
lCMtuHA47mLCMzJENoS4WhRdbKj2LJuIjyHfcQuM2Ni2zHsgGhFka8QeOvFW1IwcCp7iPsA6ioMf
2BO+io3MlbC6V6pobNWFWFobx5NhVBqcKZSIR/ecCi/wZ7COiuhs05p7F+z9jllPAZE7CVlp4WfQ
RoRKd8zu2aAAcWFSQjUA1TJ7WSSqO+boKOenEedrG5Y9Pz5KAlQphWVDCWGXOO1/oDMnoiRDxa6C
1pEL3UY00GfvvxR1Z4zydBZ96QZqlCETrqTHlYAKEUlVLhIg+BSjEjtgKEzjaAhGK9XnRA43B8Pw
1Y2Q4zc7T7LHIkkHZKbcx9smvoOCsHJyGqLKPtdylU+JLg/hLh5gWIvOiGki/oGrC8x7gVoYxL26
/jTGWiBYIf5sde43IWqzf/fiExa/FItYGOxLBseGGUydiMsc/rSRZXGEIj9UMbkCz+JG2DLwz5qh
Q/bZeSBrUCe9eSTnozJIluPg2LTxZ21QRUIt0EYxtSnXf7o2112lsK/ZqQiiRVvE+jsq2E2dxOaw
JsPdS63adTh+G2OmoGzRMKHVo8raUOxQ8KHr+KQfdcQIrmFwL59oowlGGuuX70VKdUtMUlSg8k5d
ccprKUzFovUunuoyCAglpxNHzkvfgntH6yycEkJk7gb4uwvgkyuI6upRMgGMEi5fPDUylSzH3Mlw
Hp7JGpckYclSVBhax6sJFCKfoZLPgL3gO8c3+UQ+gjBd7vxgexjEf42G3Z1ZcPDh4+2bpeAAjv+s
xT3N4J7GgnRVl1wMM7y4cw+vZ8vlk4PPcCVBUIq6MiE5uwEJEdATCWfTmI0oKoYkR4yk+zD1x8wW
A8jT7i4chrL6hjyfFFxJpwabvUrhcy/sMhYzDKQvDSifTQ7Z/50aomA63JJkuqXF9xKhEOPCflRF
hJPk+/D+okwxhS9UVIhRZJHlVu5ckB3lDHj0JBUwjS4r25phLnGx/OtAEHySRrcPhHn6uRTHf75U
NujNA/Yg42kCE+n57MXVzC6jwpV0pYK0lSooqPHjCwU/OoZeaniSGUTREERv5AO8m0pFTTdvRTe5
ehdfGWJa62sjjjmFdJ6tynaJEbFoS55mHaiakIvqLGQlvs01dLUHMSC2M9Uvli5VwTecrIgrFYdd
ylW9/s8OgwzaHcZ7+Sjkc7vgOpVxqtnz4elZMEl/lLlu3WBZPAcZ0bGThqWRdzQfhQ/FJHr7Sto6
Bxf3AHFrVzJsws9y+4QagO/viB32ydfgY/zbSs3XfVztWxXPN65nt+f+xOGwluLsP5JW27oto7T4
m7LcM8F3hn0ygfUIdHjhS5hHjixJpqwQqz293sTeNIYHekRbilAndkdKj9dtjbopFI+BkBw8Qs0S
ZUHKglbFDUnoCTW3kjbqO7lPVisN5ocp8f0uXPeXIRjRywQ9oIvQG9J1JElgb7wU9MGNeJ3QW9HT
nj6dPOlFltOmsHsabCydPW85GTwdoqZifMaaXUU3BvYQB/u6HihdgeKw2A8zYHBNCrleI/vEd4b+
BYfKTfqMcP+yNgEPiXMv4SF7BSrzET9fDU6E0WU4gMYkMTnvi0nutfXg7emKnh/5PUyVtqZsNUYb
GtBjn++qOhQ5BYpuBWMjPxnK8zQpptaWTgf+OBAi4oeOQQ3RonZ1PiS4LuBFaXRCYbiT754ZZbvd
vmSSUiPdhFN58ygp34YGFSyQH0EsOzQ8BLLTpXspfqKfCZLMmG/hP5PEEAW7MmT4cMtKdFePcP/r
nrm5tnrpHZjvyZzFHFcMpHaFQkIDaEzxA+i8KwPgX4Jexcl1OSXtd1uKH95d3i5n3y3GJ+eP6Xj+
OB/Pvku/y5GJQ9R65RuFBiLMxdlUrMFvF1rHJ4f8Tq4evTJkEEffpK6QhwbfbIhCg2adPRl1v5ba
qzl/V1ok4QvWb+FDUzdllaGc2Qw66PHV5LIZdoWveft225SDZqFLsHzY4Yefldb5sFENhzZwZv66
Rt+bfnHxU9sxN6tVeCUeTEeRuKv9oOPm+t0T5VHNDbX3khQZbl9bpx+H7XhL589e6eQEXT+qIt4w
h6I2lR0Cd8xuN8S2g7H5+1n8JU4wks7I6iLh727T4+kCP795C6IUJ+dqtThdFCpdyNPTxfnJ2fnq
JJsuTvPzQp6d5fP8GHl2Kr6B7OsNHwd9XZzRt1V7rwxSydDkn5W8h9vzSc951k7yRxX+JPnj1YJO
XtdsX/p22CHWvYw//vgXLFtkEg==
===END CRASH DUMP===
